* using log directory 'C:/Users/Kevin/Desktop/RForge/supercurve/pkg/SlideDesignerGUI.Rcheck'
* using R version 3.4.0 (2017-04-21)
* using platform: x86_64-w64-mingw32 (64-bit)
* using session charset: ISO8859-1
* using option '--as-cran'
* checking for file 'SlideDesignerGUI/DESCRIPTION' ... OK
* this is package 'SlideDesignerGUI' version '1.6.2'
* checking CRAN incoming feasibility ... NOTE
Maintainer: '"P. Roebuck" <proebuck@mdanderson.org>'

New submission

Strong dependencies not in mainstream repositories:
  tclish

The Date field is over a month old.
* checking package namespace information ... OK
* checking package dependencies ... OK
* checking if this is a source package ... OK
* checking if there is a namespace ... OK
* checking for executable files ... OK
* checking for hidden files and directories ... OK
* checking for portable file names ... OK
* checking whether package 'SlideDesignerGUI' can be installed ... WARNING
Found the following significant warnings:
  Warning: replacing previous import 'tcltk::tkimage.delete' by 'tclish::tkimage.delete' when loading 'SlideDesignerGUI'
See 'C:/Users/Kevin/Desktop/RForge/supercurve/pkg/SlideDesignerGUI.Rcheck/00install.out' for details.
* checking installed package size ... OK
* checking package directory ... OK
* checking DESCRIPTION meta-information ... OK
* checking top-level files ... OK
* checking for left-over files ... OK
* checking index information ... OK
* checking package subdirectories ... OK
* checking R files for non-ASCII characters ... OK
* checking R files for syntax errors ... OK
* checking whether the package can be loaded ... OK
* checking whether the package can be loaded with stated dependencies ... OK
* checking whether the package can be unloaded cleanly ... OK
* checking whether the namespace can be loaded with stated dependencies ... OK
* checking whether the namespace can be unloaded cleanly ... OK
* checking use of S3 registration ... OK
* checking dependencies in R code ... OK
* checking S3 generic/method consistency ... OK
* checking replacement functions ... OK
* checking foreign function calls ... OK
* checking R code for possible problems ... NOTE
.appDebugStr: no visible global function definition for 'flush.console'
addControlLevels: no visible global function definition for 'show'
appExit: no visible global function definition for 'flush.console'
buildMenus : buildHelpMenu : userguideCB: no visible global function
  definition for 'browseURL'
buildMenus : buildHelpMenu : aboutCB : getAppVersionLabelstring: no
  visible global function definition for 'getPackageName'
buildMenus : buildHelpMenu : aboutCB : getAppVersionLabelstring: no
  visible global function definition for 'packageDescription'
createSubgrid : wmGeometry: no visible global function definition for
  'flush.console'
generateColors: no visible global function definition for 'hcl'
initGlobals: no visible global function definition for 'show'
pressButtonCB : markLastPC: no visible global function definition for
  'show'
pressButtonCB : markLastPC: no visible global function definition for
  'flush.console'
showpcseries: no visible global function definition for 'show'
showpcseries: no visible global function definition for 'str'
showpcseries: no visible global function definition for 'flush.console'
showpcseriesgrid: no visible global function definition for 'show'
showpcseriesgrid: no visible global function definition for
  'flush.console'
viewSubgrid: no visible global function definition for 'View'
writeGridToFile: no visible global function definition for
  'write.table'
Undefined global functions or variables:
  View browseURL flush.console getPackageName hcl packageDescription
  show str write.table
Consider adding
  importFrom("grDevices", "hcl")
  importFrom("methods", "getPackageName", "show")
  importFrom("utils", "View", "browseURL", "flush.console",
             "packageDescription", "str", "write.table")
to your NAMESPACE file (and ensure that your DESCRIPTION Imports field
contains 'methods').
* checking Rd files ... OK
* checking Rd metadata ... OK
* checking Rd line widths ... OK
* checking Rd cross-references ... OK
* checking for missing documentation entries ... OK
* checking for code/documentation mismatches ... OK
* checking Rd \usage sections ... OK
* checking Rd contents ... OK
* checking for unstated dependencies in examples ... OK
* checking examples ... OK
* checking PDF version of manual ... OK
* DONE
Status: 1 WARNING, 2 NOTEs
