* using log directory 'C:/Users/coom05/Desktop/rforge/supercurve/pkg/SuperCurveGUI.Rcheck'
* using R version 3.4.0 (2017-04-21)
* using platform: x86_64-w64-mingw32 (64-bit)
* using session charset: ISO8859-1
* using option '--as-cran'
* checking for file 'SuperCurveGUI/DESCRIPTION' ... OK
* this is package 'SuperCurveGUI' version '2.1.5'
* checking CRAN incoming feasibility ... NOTE
Maintainer: '"P. Roebuck" <proebuck@mdanderson.org>'

New submission

Strong dependencies not in mainstream repositories:
  SuperCurve, tclish

The Date field is over a month old.
* checking package namespace information ... OK
* checking package dependencies ... OK
* checking if this is a source package ... OK
* checking if there is a namespace ... OK
* checking for executable files ... OK
* checking for hidden files and directories ... OK
* checking for portable file names ... OK
* checking whether package 'SuperCurveGUI' can be installed ... WARNING
Found the following significant warnings:
  Warning: running command 'C:\Windows\system32\cmd.exe /c convert --version' had status 4
  Warning: ImageMagick executable 'convert' not installed or unavailable via PATH
  Warning: replacing previous import 'tcltk::tkimage.delete' by 'tclish::tkimage.delete' when loading 'SuperCurveGUI'
See 'C:/Users/coom05/Desktop/rforge/supercurve/pkg/SuperCurveGUI.Rcheck/00install.out' for details.
* checking installed package size ... OK
* checking package directory ... OK
* checking DESCRIPTION meta-information ... OK
* checking top-level files ... OK
* checking for left-over files ... OK
* checking index information ... OK
* checking package subdirectories ... OK
* checking R files for non-ASCII characters ... OK
* checking R files for syntax errors ... OK
* checking whether the package can be loaded ... OK
* checking whether the package can be loaded with stated dependencies ... OK
* checking whether the package can be unloaded cleanly ... OK
* checking whether the namespace can be loaded with stated dependencies ... OK
* checking whether the namespace can be unloaded cleanly ... OK
* checking use of S3 registration ... OK
* checking dependencies in R code ... NOTE
Unexported object imported by a ':::' call: 'tclish:::.tabnotebook_refresh'
  See the note in ?`:::` about the use of this operator.
* checking S3 generic/method consistency ... OK
* checking replacement functions ... OK
* checking foreign function calls ... OK
* checking R code for possible problems ... NOTE
.appDebugStr: no visible global function definition for 'flush.console'
buildMenus : buildFileMenu : loadSettingsCB: no visible global function
  definition for 'str'
buildMenus : buildHelpMenu : userguideCB: no visible global function
  definition for 'browseURL'
buildMenus : buildHelpMenu : userguideCB: no visible global function
  definition for 'URLencode'
buildMenus : buildHelpMenu : aboutCB : getAppVersionLabelstring: no
  visible global function definition for 'packageDescription'
createSettingsFromUserInput: no visible global function definition for
  'str'
displayProgressDialog : wmGeometry: no visible global function
  definition for 'flush.console'
displayProgressDialog : wmGeometry : wmGeometryHack: no visible global
  function definition for 'flush.console'
displayProgressDialog : wmMinSizeResetWidth: no visible global function
  definition for 'flush.console'
monitorAnalysis : fitsummary: no visible global function definition for
  'read.delim'
monitorAnalysis : <anonymous>: no visible global function definition
  for 'dump.frames'
progressLabel<-,TkProgressMonitor-character: no visible global function
  definition for 'str'
progressMarquee<-,TkProgressMonitor-character: no visible global
  function definition for 'str'
progressStage<-,TkProgressMonitor-character: no visible global function
  definition for 'str'
progressValue<-,TkProgressMonitor-numeric: no visible global function
  definition for 'str'
Undefined global functions or variables:
  URLencode browseURL dump.frames flush.console packageDescription
  read.delim str
Consider adding
  importFrom("utils", "URLencode", "browseURL", "dump.frames",
             "flush.console", "packageDescription", "read.delim", "str")
to your NAMESPACE file.
* checking Rd files ... OK
* checking Rd metadata ... OK
* checking Rd line widths ... OK
* checking Rd cross-references ... OK
* checking for missing documentation entries ... OK
* checking for code/documentation mismatches ... OK
* checking Rd \usage sections ... OK
* checking Rd contents ... OK
* checking for unstated dependencies in examples ... OK
* checking examples ... OK
* checking PDF version of manual ... OK
* DONE
Status: 1 WARNING, 3 NOTEs
